  main.cpp
d:\opencv-2.4\opencv\build\include\opencv2\flann\dist.h : warning C4819: 현재 코드 페이지(949)에서 표시할 수 없는 문자가 파일에 들어 있습니다. 데이터가 손실되지 않게 하려면 해당 파일을 유니코드 형식으로 저장하십시오.
d:\forta\imagestitching\imagestitching\main.cpp(217): warning C4244: '인수': '_Tp'에서 '_Tp'(으)로 변환하면서 데이터가 손실될 수 있습니다.
          with
          [
              _Tp=int
          ]
          and
          [
              _Tp=float
          ]
d:\forta\imagestitching\imagestitching\main.cpp(218): warning C4244: '인수': '_Tp'에서 '_Tp'(으)로 변환하면서 데이터가 손실될 수 있습니다.
          with
          [
              _Tp=int
          ]
          and
          [
              _Tp=float
          ]
d:\forta\imagestitching\imagestitching\main.cpp(219): warning C4244: '인수': '_Tp'에서 '_Tp'(으)로 변환하면서 데이터가 손실될 수 있습니다.
          with
          [
              _Tp=int
          ]
          and
          [
              _Tp=float
          ]
d:\forta\imagestitching\imagestitching\main.cpp(267): warning C4244: '인수': 'double'에서 '_Tp'(으)로 변환하면서 데이터가 손실될 수 있습니다.
          with
          [
              _Tp=int
          ]
d:\forta\imagestitching\imagestitching\main.cpp(391): warning C4244: '인수': '_Tp'에서 '_Tp'(으)로 변환하면서 데이터가 손실될 수 있습니다.
          with
          [
              _Tp=int
          ]
          and
          [
              _Tp=float
          ]
d:\forta\imagestitching\imagestitching\main.cpp(392): warning C4244: '인수': '_Tp'에서 '_Tp'(으)로 변환하면서 데이터가 손실될 수 있습니다.
          with
          [
              _Tp=int
          ]
          and
          [
              _Tp=float
          ]
d:\forta\imagestitching\imagestitching\main.cpp(393): warning C4244: '인수': '_Tp'에서 '_Tp'(으)로 변환하면서 데이터가 손실될 수 있습니다.
          with
          [
              _Tp=int
          ]
          and
          [
              _Tp=float
          ]
d:\forta\imagestitching\imagestitching\main.cpp(427): warning C4244: '인수': 'double'에서 '_Tp'(으)로 변환하면서 데이터가 손실될 수 있습니다.
          with
          [
              _Tp=int
          ]
opencv_highgui2413d.lib(opencv_highgui2413d.dll) : fatal error LNK1112: 'x86' 모듈 컴퓨터 종류가 'x64' 대상 컴퓨터 종류와 충돌합니다.
