  main.cpp
d:\opencv-2.4\opencv\build\include\opencv2\flann\dist.h : warning C4819: 현재 코드 페이지(949)에서 표시할 수 없는 문자가 파일에 들어 있습니다. 데이터가 손실되지 않게 하려면 해당 파일을 유니코드 형식으로 저장하십시오.
d:\forta\imagestitching\imagestitching\main.cpp(99): warning C4018: '<': signed 또는 unsigned가 일치하지 않습니다.
d:\forta\imagestitching\imagestitching\main.cpp(172): warning C4018: '<': signed 또는 unsigned가 일치하지 않습니다.
d:\forta\imagestitching\imagestitching\main.cpp(174): warning C4305: '초기화 중': 'double'에서 'float'(으)로 잘립니다.
d:\forta\imagestitching\imagestitching\main.cpp(189): warning C4018: '<': signed 또는 unsigned가 일치하지 않습니다.
d:\forta\imagestitching\imagestitching\main.cpp(206): warning C4244: '인수': '_Tp'에서 '_Tp'(으)로 변환하면서 데이터가 손실될 수 있습니다.
          with
          [
              _Tp=int
          ]
          and
          [
              _Tp=float
          ]
d:\forta\imagestitching\imagestitching\main.cpp(207): warning C4244: '인수': '_Tp'에서 '_Tp'(으)로 변환하면서 데이터가 손실될 수 있습니다.
          with
          [
              _Tp=int
          ]
          and
          [
              _Tp=float
          ]
d:\forta\imagestitching\imagestitching\main.cpp(208): warning C4244: '인수': '_Tp'에서 '_Tp'(으)로 변환하면서 데이터가 손실될 수 있습니다.
          with
          [
              _Tp=int
          ]
          and
          [
              _Tp=float
          ]
d:\forta\imagestitching\imagestitching\main.cpp(253): warning C4244: '인수': 'double'에서 '_Tp'(으)로 변환하면서 데이터가 손실될 수 있습니다.
          with
          [
              _Tp=int
          ]
d:\forta\imagestitching\imagestitching\main.cpp(214): warning C4101: 'bef_max_x' :참조되지 않은 지역 변수입니다.
d:\forta\imagestitching\imagestitching\main.cpp(284): warning C4018: '<': signed 또는 unsigned가 일치하지 않습니다.
d:\forta\imagestitching\imagestitching\main.cpp(299): warning C4018: '<': signed 또는 unsigned가 일치하지 않습니다.
d:\forta\imagestitching\imagestitching\main.cpp(301): warning C4018: '<': signed 또는 unsigned가 일치하지 않습니다.
d:\forta\imagestitching\imagestitching\main.cpp(320): warning C4018: '<': signed 또는 unsigned가 일치하지 않습니다.
d:\forta\imagestitching\imagestitching\main.cpp(324): warning C4018: '<': signed 또는 unsigned가 일치하지 않습니다.
d:\forta\imagestitching\imagestitching\main.cpp(330): warning C4244: '=': 'double'에서 'int'(으)로 변환하면서 데이터가 손실될 수 있습니다.
  imagestitching.vcxproj -> D:\ForTA\imagestitching\Debug\imagestitching.exe
